
> web@0.1.0 build
> next build

ÔÜá Warning: Next.js inferred your workspace root, but it may not be correct.
 We detected multiple lockfiles and selected the directory of C:\GAS\package-lock.json as the root directory.
 To silence this warning, set `turbopack.root` in your Next.js config, or consider removing one of the lockfiles if it's not needed.
   See https://nextjs.org/docs/app/api-reference/config/next-config-js/turbopack#root-directory for more information.
 Detected additional lockfiles: 
   * C:\GAS\espansione\web\package-lock.json

Ôû▓ Next.js 16.2.1 (Turbopack)
- Environments: .env.local

ÔÜá The "middleware" file convention is deprecated. Please use "proxy" instead. Learn more: https://nextjs.org/docs/messages/middleware-to-proxy
  Running TypeScript ...
  Finished TypeScript in 112ms ...
  Creating an optimized production build ...
Found 1 warning while optimizing generated CSS:

Ôöé   }
Ôöé }
Ôöé @import url('https://fonts.googleapis.com/css2?family=Andada+Pro:wght@400;500;600;700&family=Cabin:wght@400;500;600;700&display=swap');
Ôöå        ^-- @import rules must precede all rules aside from @charset and @layer statements
Ôöå
Ôöé :root {
Ôöé   --bg-primary: #040812;

Ô£ô Compiled successfully in 2.5s
  Collecting page data using 11 workers ...
  Generating static pages using 11 workers (0/10) ...
  Generating static pages using 11 workers (2/10) 
  Generating static pages using 11 workers (4/10) 
  Generating static pages using 11 workers (7/10) 
Ô£ô Generating static pages using 11 workers (10/10) in 370ms
  Finalizing page optimization ...

Route (pages)
Ôöî Ôùï /
Ôö£   /_app
Ôö£ Ôùï /404
Ôö£ Ôùï /adm
Ôö£ Ôùï /adm/[id]
Ôö£ Ôùï /adm/novo
Ôö£ ãÆ /api/adm/[id]
Ôö£ ãÆ /api/adm/projetos
Ôö£ ãÆ /api/cis/consultar
Ôö£ ãÆ /api/cis/participantes
Ôö£ ãÆ /api/cis/salvar
Ôö£ ãÆ /api/cis/verificar-acesso
Ôö£ ãÆ /api/engine/checkpoint
Ôö£ ãÆ /api/engine/run
Ôö£ ãÆ /api/formularios
Ôö£ ãÆ /api/generate-narratives
Ôö£ ãÆ /api/hello
Ôö£ ãÆ /api/intake
Ôö£ ãÆ /api/projetos/[id]
Ôö£ ãÆ /api/projetos/create
Ôö£ ãÆ /api/test-connection
Ôö£ Ôùï /dashboard
Ôö£ Ôùï /form/[tipo]
Ôö£ Ôùï /form/intake
Ôöö Ôùï /login

ãÆ Proxy (Middleware)

Ôùï  (Static)   prerendered as static content
ãÆ  (Dynamic)  server-rendered on demand

